
ROM used:   1427/8192 (17%)
            1427/8192 (17%) including unused fragments

            1.5 Average locations per line
            15.5 Average locations per statement

RAM used:   49/368 (13%) at main() level
            70/368 (19%) worst case

Stack used: 4 worst case (3 in main + 1 for interrupts)
Stack size: 8

Lines Stmts  %   Files
----- ----- ---  -----
  132    75  82  main.c
  768     0   0  C:\Program Files (x86)\PICC\Devices\16F887.h
   57    17  18  mpu6050.c
----- -----
  957    92 Total

Page ROM  %  RAM   Vol Diff  Functions:
---- --- --- ---   --- ----  ----------
0     20   1    1             @delay_ms1
 Inline         3             @I2C_READ_1
0     74   5    1             @I2C_WRITE_1
0     57   4    2   102  1.8  mpu6050_write
0    160  11    2   167  2.4  mpu6050_read
0     18   1    0    88  1.7  mpu6050_init
0    409  29    4  2718  8.2  MAIN
0     37   3    2   371  8.2  @SITOF
0    202  14   14   231  6.6  @DIVFF
0    321  22   16    43  2.1  @ADDFF
0     31   2    4    44  1.9  @SFTOI
0     49   3    0   415  5.1  ngattimer2
 Inline         0   266  6.5  @cinit1

Program metrics:
    Functions               10
    Statements              92
    Comments                187
    Volume (V)              6211
    Difficulty (D)          45.6
    Effort to implement (E) 282926
    Time to implement (T)   4 hours, 22 minutes
    Est Delivered Bugs (B)  1
    Cyclomatic Complexity   20
    Maintainability (MI)    121

 Segment     Used  Free
-----------  ----  ----
00000-00003     4  0  
00004-00030    45  0  
00031-007FF  1378  621  
00800-00FFF     0  2048  
01000-017FF     0  2048  
01800-01FFF     0  2048  



